  [1m[35m (0.1ms)[0m  [1m[34mSELECT sqlite_version(*)[0m
  ↳ C:/Ruby24-x64/bin/rake:23
  [1m[35m (6.8ms)[0m  [1m[35mCREATE TABLE "schema_migrations" ("version" varchar NOT NULL PRIMARY KEY)[0m
  ↳ C:/Ruby24-x64/bin/rake:23
  [1m[35m (5.2ms)[0m  [1m[35mCREATE TABLE "ar_internal_metadata" ("key" varchar NOT NULL PRIMARY KEY, "value" varchar, "created_at" datetime NOT NULL, "updated_at" datetime NOT NULL)[0m
  ↳ C:/Ruby24-x64/bin/rake:23
  [1m[35m (0.2ms)[0m  [1m[34mSELECT "schema_migrations"."version" FROM "schema_migrations" ORDER BY "schema_migrations"."version" ASC[0m
  ↳ C:/Ruby24-x64/bin/rake:23
Migrating to CreateUsers (20200123013215)
  [1m[35m (0.0ms)[0m  [1m[36mbegin transaction[0m
  ↳ C:/Ruby24-x64/bin/rake:23
  [1m[35m (0.5ms)[0m  [1m[35mCREATE TABLE "users" ("id" integer PRIMARY KEY AUTOINCREMENT NOT NULL, "name" varchar, "password" varchar, "age" integer, "created_at" datetime NOT NULL, "updated_at" datetime NOT NULL)[0m
  ↳ db/migrate/20200123013215_create_users.rb:3
  [1m[36mActiveRecord::SchemaMigration Create (0.1ms)[0m  [1m[32mINSERT INTO "schema_migrations" ("version") VALUES (?)[0m  [["version", "20200123013215"]]
  ↳ C:/Ruby24-x64/bin/rake:23
  [1m[35m (4.7ms)[0m  [1m[36mcommit transaction[0m
  ↳ C:/Ruby24-x64/bin/rake:23
  [1m[36mActiveRecord::InternalMetadata Load (0.2ms)[0m  [1m[34mSELECT  "ar_internal_metadata".* FROM "ar_internal_metadata" WHERE "ar_internal_metadata"."key" = ? LIMIT ?[0m  [["key", "environment"], ["LIMIT", 1]]
  ↳ C:/Ruby24-x64/bin/rake:23
  [1m[35m (0.0ms)[0m  [1m[36mbegin transaction[0m
  ↳ C:/Ruby24-x64/bin/rake:23
  [1m[36mActiveRecord::InternalMetadata Create (0.8ms)[0m  [1m[32mINSERT INTO "ar_internal_metadata" ("key", "value", "created_at", "updated_at") VALUES (?, ?, ?, ?)[0m  [["key", "environment"], ["value", "development"], ["created_at", "2020-01-24 01:28:55.660227"], ["updated_at", "2020-01-24 01:28:55.660227"]]
  ↳ C:/Ruby24-x64/bin/rake:23
  [1m[35m (4.7ms)[0m  [1m[36mcommit transaction[0m
  ↳ C:/Ruby24-x64/bin/rake:23
  [1m[35m (0.2ms)[0m  [1m[34mSELECT "schema_migrations"."version" FROM "schema_migrations" ORDER BY "schema_migrations"."version" ASC[0m
  ↳ C:/Ruby24-x64/bin/rake:23
Started GET "/users" for ::1 at 2020-01-24 10:30:17 +0900
  [1m[35m (0.2ms)[0m  [1m[34mSELECT "schema_migrations"."version" FROM "schema_migrations" ORDER BY "schema_migrations"."version" ASC[0m
  ↳ C:/Ruby24-x64/lib/ruby/gems/2.4.0/gems/activerecord-5.2.4.1/lib/active_record/log_subscriber.rb:98
Processing by UsersController#index as HTML
  Rendering users/index.html.erb within layouts/application
  [1m[36mUser Load (0.2ms)[0m  [1m[34mSELECT "users".* FROM "users"[0m
  ↳ app/views/users/index.html.erb:16
  Rendered users/index.html.erb within layouts/application (4.8ms)
Completed 200 OK in 420ms (Views: 399.7ms | ActiveRecord: 0.5ms)


Started GET "/users/new" for ::1 at 2020-01-24 10:30:24 +0900
Processing by UsersController#new as HTML
  Rendering users/new.html.erb within layouts/application
  Rendered users/_form.html.erb (30.4ms)
  Rendered users/new.html.erb within layouts/application (42.2ms)
Completed 200 OK in 120ms (Views: 102.5ms | ActiveRecord: 0.6ms)


Started POST "/users" for ::1 at 2020-01-24 10:30:50 +0900
Processing by UsersController#create as HTML
  Parameters: {"utf8"=>"✓", "authenticity_token"=>"0KRAB21SXj6DstnFyFeCXSL0runX2adHKijatdg391EYvCOnObDBDNTud/OD8J6RQzD7iHdO9JkTmD4n2MvJSA==", "user"=>{"name"=>"神薗", "password"=>"[FILTERED]", "age"=>"27"}, "commit"=>"Create User"}
  [1m[35m (0.1ms)[0m  [1m[36mbegin transaction[0m
  ↳ app/controllers/users_controller.rb:30
  [1m[36mUser Create (1.1ms)[0m  [1m[32mINSERT INTO "users" ("name", "password", "age", "created_at", "updated_at") VALUES (?, ?, ?, ?, ?)[0m  [["name", "神薗"], ["password", "kamizono"], ["age", 27], ["created_at", "2020-01-24 01:30:50.459104"], ["updated_at", "2020-01-24 01:30:50.459104"]]
  ↳ app/controllers/users_controller.rb:30
  [1m[35m (5.4ms)[0m  [1m[36mcommit transaction[0m
  ↳ app/controllers/users_controller.rb:30
Redirected to http://localhost:3000/users/1
Completed 302 Found in 19ms (ActiveRecord: 6.6ms)


Started GET "/users/1" for ::1 at 2020-01-24 10:30:50 +0900
Processing by UsersController#show as HTML
  Parameters: {"id"=>"1"}
  [1m[36mUser Load (0.2ms)[0m  [1m[34mSELECT  "users".* FROM "users" WHERE "users"."id" = ? LIMIT ?[0m  [["id", 1], ["LIMIT", 1]]
  ↳ app/controllers/users_controller.rb:67
  Rendering users/show.html.erb within layouts/application
  Rendered users/show.html.erb within layouts/application (0.7ms)
Completed 200 OK in 90ms (Views: 68.0ms | ActiveRecord: 0.2ms)


Started GET "/users" for ::1 at 2020-01-24 10:31:00 +0900
Processing by UsersController#index as HTML
  Rendering users/index.html.erb within layouts/application
  [1m[36mUser Load (0.2ms)[0m  [1m[34mSELECT "users".* FROM "users"[0m
  ↳ app/views/users/index.html.erb:16
  Rendered users/index.html.erb within layouts/application (3.0ms)
Completed 200 OK in 74ms (Views: 62.6ms | ActiveRecord: 0.2ms)


Started GET "/users/1" for ::1 at 2020-01-24 10:31:05 +0900
Processing by UsersController#show as HTML
  Parameters: {"id"=>"1"}
  [1m[36mUser Load (0.2ms)[0m  [1m[34mSELECT  "users".* FROM "users" WHERE "users"."id" = ? LIMIT ?[0m  [["id", 1], ["LIMIT", 1]]
  ↳ app/controllers/users_controller.rb:67
  Rendering users/show.html.erb within layouts/application
  Rendered users/show.html.erb within layouts/application (0.6ms)
Completed 200 OK in 71ms (Views: 58.4ms | ActiveRecord: 0.2ms)


Started GET "/users" for ::1 at 2020-01-24 10:31:06 +0900
Processing by UsersController#index as HTML
  Rendering users/index.html.erb within layouts/application
  [1m[36mUser Load (0.2ms)[0m  [1m[34mSELECT "users".* FROM "users"[0m
  ↳ app/views/users/index.html.erb:16
  Rendered users/index.html.erb within layouts/application (2.9ms)
Completed 200 OK in 68ms (Views: 57.9ms | ActiveRecord: 0.2ms)


Started GET "/users/1/edit" for ::1 at 2020-01-24 10:31:07 +0900
Processing by UsersController#edit as HTML
  Parameters: {"id"=>"1"}
  [1m[36mUser Load (0.2ms)[0m  [1m[34mSELECT  "users".* FROM "users" WHERE "users"."id" = ? LIMIT ?[0m  [["id", 1], ["LIMIT", 1]]
  ↳ app/controllers/users_controller.rb:67
  Rendering users/edit.html.erb within layouts/application
  Rendered users/_form.html.erb (1.9ms)
  Rendered users/edit.html.erb within layouts/application (12.5ms)
Completed 200 OK in 80ms (Views: 67.3ms | ActiveRecord: 0.2ms)


Started GET "/users" for ::1 at 2020-01-24 10:31:09 +0900
Processing by UsersController#index as HTML
  Rendering users/index.html.erb within layouts/application
  [1m[36mUser Load (0.2ms)[0m  [1m[34mSELECT "users".* FROM "users"[0m
  ↳ app/views/users/index.html.erb:16
  Rendered users/index.html.erb within layouts/application (2.9ms)
Completed 200 OK in 70ms (Views: 59.8ms | ActiveRecord: 0.2ms)


  [1m[35m (0.2ms)[0m  [1m[34mSELECT "schema_migrations"."version" FROM "schema_migrations" ORDER BY "schema_migrations"."version" ASC[0m
  ↳ C:/Ruby24-x64/bin/rake:23
  [1m[36mActiveRecord::InternalMetadata Load (0.2ms)[0m  [1m[34mSELECT  "ar_internal_metadata".* FROM "ar_internal_metadata" WHERE "ar_internal_metadata"."key" = ? LIMIT ?[0m  [["key", "environment"], ["LIMIT", 1]]
  ↳ C:/Ruby24-x64/bin/rake:23
  [1m[35m (0.0ms)[0m  [1m[36mbegin transaction[0m
  ↳ C:/Ruby24-x64/bin/rake:23
  [1m[35m (0.1ms)[0m  [1m[36mcommit transaction[0m
  ↳ C:/Ruby24-x64/bin/rake:23
  [1m[35m (0.1ms)[0m  [1m[34mSELECT "schema_migrations"."version" FROM "schema_migrations" ORDER BY "schema_migrations"."version" ASC[0m
  ↳ C:/Ruby24-x64/bin/rake:23
Started GET "/users/new" for ::1 at 2020-01-24 11:26:44 +0900
  [1m[35m (0.2ms)[0m  [1m[34mSELECT "schema_migrations"."version" FROM "schema_migrations" ORDER BY "schema_migrations"."version" ASC[0m
  ↳ C:/Ruby24-x64/lib/ruby/gems/2.4.0/gems/activerecord-5.2.4.1/lib/active_record/log_subscriber.rb:98
Processing by UsersController#new as HTML
Completed 500 Internal Server Error in 12ms (ActiveRecord: 0.5ms)


  
NameError (undefined local variable or method `ture' for #<Class:0x0000000006f5e1e0>):
  
app/models/user.rb:3:in `<class:User>'
app/models/user.rb:1:in `<top (required)>'
app/controllers/users_controller.rb:17:in `new'
